<?xml version="1.0" encoding="UTF-8"?>
<testsuite name="com.invenna.testcode.employee.cucumber.RunCucumberTest" tests="13" skipped="0" failures="0" errors="0" timestamp="2024-05-21T06:00:14" hostname="HARMBRUINS" time="7.403">
  <properties/>
  <testcase name="Employee operations CREATE, READ, UPDATE #1" classname="com.invenna.testcode.employee.cucumber.RunCucumberTest" time="6.927"/>
  <testcase name="Employee operations CREATE, READ, UPDATE #2" classname="com.invenna.testcode.employee.cucumber.RunCucumberTest" time="0.06"/>
  <testcase name="Employee operations CREATE, READ, UPDATE #3" classname="com.invenna.testcode.employee.cucumber.RunCucumberTest" time="0.052"/>
  <testcase name="Employee operations DELETE" classname="com.invenna.testcode.employee.cucumber.RunCucumberTest" time="0.077"/>
  <testcase name="Employee operations NULL" classname="com.invenna.testcode.employee.cucumber.RunCucumberTest" time="0.048"/>
  <testcase name="Employee search operations" classname="com.invenna.testcode.employee.cucumber.RunCucumberTest" time="0.058"/>
  <testcase name="Create Employee Test #1" classname="com.invenna.testcode.employee.cucumber.RunCucumberTest" time="0.029"/>
  <testcase name="Create Employee Test #2" classname="com.invenna.testcode.employee.cucumber.RunCucumberTest" time="0.022"/>
  <testcase name="Create Employee Test #3" classname="com.invenna.testcode.employee.cucumber.RunCucumberTest" time="0.026"/>
  <testcase name="Create Employee Test #4" classname="com.invenna.testcode.employee.cucumber.RunCucumberTest" time="0.026"/>
  <testcase name="Create Employee Test #5" classname="com.invenna.testcode.employee.cucumber.RunCucumberTest" time="0.029"/>
  <testcase name="Update Employee Test - Unhappy Path #1" classname="com.invenna.testcode.employee.cucumber.RunCucumberTest" time="0.02"/>
  <testcase name="Update Employee Test - Unhappy Path #2" classname="com.invenna.testcode.employee.cucumber.RunCucumberTest" time="0.024"/>
  <system-out><![CDATA[
  .   ____          _            __ _ _
 /\\ / ___'_ __ _ _(_)_ __  __ _ \ \ \ \
( ( )\___ | '_ | '_| | '_ \/ _` | \ \ \ \
 \\/  ___)| |_)| | | | | || (_| |  ) ) ) )
  '  |____| .__|_| |_|_| |_\__, | / / / /
 =========|_|==============|___/=/_/_/_/
 :: Spring Boot ::                (v3.2.5)

2024-05-21T08:00:14.582+02:00  INFO 20336 --- [EmployeeService] [    Test worker] c.i.t.e.c.TestEmployeeManagementSystem   : Starting TestEmployeeManagementSystem using Java 17.0.10 with PID 20336 (started by harmbruinsrabo in C:\Users\harmbruinsrabo\springemployeecucumber)
2024-05-21T08:00:14.584+02:00  INFO 20336 --- [EmployeeService] [    Test worker] c.i.t.e.c.TestEmployeeManagementSystem   : No active profile set, falling back to 1 default profile: "default"
2024-05-21T08:00:15.266+02:00  INFO 20336 --- [EmployeeService] [    Test worker] .s.d.r.c.RepositoryConfigurationDelegate : Bootstrapping Spring Data JPA repositories in DEFAULT mode.
2024-05-21T08:00:15.328+02:00  INFO 20336 --- [EmployeeService] [    Test worker] .s.d.r.c.RepositoryConfigurationDelegate : Finished Spring Data repository scanning in 55 ms. Found 3 JPA repository interfaces.
2024-05-21T08:00:16.223+02:00  INFO 20336 --- [EmployeeService] [    Test worker] o.s.b.w.embedded.tomcat.TomcatWebServer  : Tomcat initialized with port 0 (http)
2024-05-21T08:00:16.245+02:00  INFO 20336 --- [EmployeeService] [    Test worker] o.apache.catalina.core.StandardService   : Starting service [Tomcat]
2024-05-21T08:00:16.247+02:00  INFO 20336 --- [EmployeeService] [    Test worker] o.apache.catalina.core.StandardEngine    : Starting Servlet engine: [Apache Tomcat/10.1.20]
2024-05-21T08:00:16.337+02:00  INFO 20336 --- [EmployeeService] [    Test worker] o.a.c.c.C.[Tomcat].[localhost].[/]       : Initializing Spring embedded WebApplicationContext
2024-05-21T08:00:16.338+02:00  INFO 20336 --- [EmployeeService] [    Test worker] w.s.c.ServletWebServerApplicationContext : Root WebApplicationContext: initialization completed in 1569 ms
Standard Commons Logging discovery in action with spring-jcl: please remove commons-logging.jar from classpath in order to avoid potential conflicts
2024-05-21T08:00:16.373+02:00  INFO 20336 --- [EmployeeService] [    Test worker] com.zaxxer.hikari.HikariDataSource       : HikariPool-1 - Starting...
2024-05-21T08:00:16.573+02:00  INFO 20336 --- [EmployeeService] [    Test worker] com.zaxxer.hikari.pool.HikariPool        : HikariPool-1 - Added connection conn0: url=jdbc:h2:mem:testdb user=SA
2024-05-21T08:00:16.575+02:00  INFO 20336 --- [EmployeeService] [    Test worker] com.zaxxer.hikari.HikariDataSource       : HikariPool-1 - Start completed.
2024-05-21T08:00:16.583+02:00  INFO 20336 --- [EmployeeService] [    Test worker] o.s.b.a.h2.H2ConsoleAutoConfiguration    : H2 console available at '/h2-console'. Database available at 'jdbc:h2:mem:testdb'
2024-05-21T08:00:16.878+02:00  INFO 20336 --- [EmployeeService] [    Test worker] o.hibernate.jpa.internal.util.LogHelper  : HHH000204: Processing PersistenceUnitInfo [name: default]
2024-05-21T08:00:17.004+02:00  INFO 20336 --- [EmployeeService] [    Test worker] org.hibernate.Version                    : HHH000412: Hibernate ORM core version 6.4.4.Final
2024-05-21T08:00:17.040+02:00  INFO 20336 --- [EmployeeService] [    Test worker] o.h.c.internal.RegionFactoryInitiator    : HHH000026: Second-level cache disabled
2024-05-21T08:00:17.217+02:00  INFO 20336 --- [EmployeeService] [    Test worker] o.s.o.j.p.SpringPersistenceUnitInfo      : No LoadTimeWeaver setup: ignoring JPA class transformer
2024-05-21T08:00:18.032+02:00  INFO 20336 --- [EmployeeService] [    Test worker] o.h.e.t.j.p.i.JtaPlatformInitiator       : HHH000489: No JTA platform available (set 'hibernate.transaction.jta.platform' to enable JTA platform integration)
2024-05-21T08:00:18.066+02:00  INFO 20336 --- [EmployeeService] [    Test worker] j.LocalContainerEntityManagerFactoryBean : Initialized JPA EntityManagerFactory for persistence unit 'default'
2024-05-21T08:00:18.426+02:00  INFO 20336 --- [EmployeeService] [    Test worker] o.s.d.j.r.query.QueryEnhancerFactory     : Hibernate is in classpath; If applicable, HQL parser will be used.
2024-05-21T08:00:18.631+02:00  WARN 20336 --- [EmployeeService] [    Test worker] JpaBaseConfiguration$JpaWebConfiguration : spring.jpa.open-in-view is enabled by default. Therefore, database queries may be performed during view rendering. Explicitly configure spring.jpa.open-in-view to disable this warning
2024-05-21T08:00:19.173+02:00  INFO 20336 --- [EmployeeService] [    Test worker] o.s.b.w.embedded.tomcat.TomcatWebServer  : Tomcat started on port 64045 (http) with context path ''
2024-05-21T08:00:19.184+02:00  INFO 20336 --- [EmployeeService] [    Test worker] c.i.t.e.c.TestEmployeeManagementSystem   : Started TestEmployeeManagementSystem in 4.934 seconds (process running for 6.713)

Scenario Outline: Employee operations CREATE, READ, UPDATE                                                                               ?[90m# src/test/java/resources/features/test_0001_create_customer.feature:15?[0m
  ?[32mGiven ?[0m?[32mthe client has access to the employee management system?[0m                                                                          ?[90m# com.invenna.testcode.employee.cucumber.StepDefsIntegrationTest.theClientHasAccessToTheEmployeeManagementSystem()?[0m
2024-05-21T08:00:20.715+02:00  INFO 20336 --- [EmployeeService] [o-auto-1-exec-1] o.a.c.c.C.[Tomcat].[localhost].[/]       : Initializing Spring DispatcherServlet 'dispatcherServlet'
2024-05-21T08:00:20.715+02:00  INFO 20336 --- [EmployeeService] [o-auto-1-exec-1] o.s.web.servlet.DispatcherServlet        : Initializing Servlet 'dispatcherServlet'
2024-05-21T08:00:20.716+02:00  INFO 20336 --- [EmployeeService] [o-auto-1-exec-1] o.s.web.servlet.DispatcherServlet        : Completed initialization in 1 ms
  ?[32mWhen ?[0m?[32mthe client calls ?[0m?[32m?[1m"CREATE"?[0m?[32m with ?[0m?[32m?[1m"scenario_integration_happy_flow"?[0m?[32m for ?[0m?[32m?[1m"1_create_employee_active_joined_in_the_past"?[0m                ?[90m# com.invenna.testcode.employee.cucumber.StepDefsIntegrationTest.theClientCallsWithFor(java.lang.String,java.lang.String,java.lang.String)?[0m
  ?[32mThen ?[0m?[32mthe client receives status code of ?[0m?[32m?[1m201?[0m                                                                                            ?[90m# com.invenna.testcode.employee.cucumber.StepDefsIntegrationTest.the_client_receives_status_code_of(int)?[0m
  ?[32mAnd ?[0m?[32mthe content with ?[0m?[32m?[1m"scenario_integration_happy_flow"?[0m?[32m for ?[0m?[32m?[1m"1_create_employee_active_joined_in_the_past"?[0m?[32m contains the employee details?[0m ?[90m# com.invenna.testcode.employee.cucumber.StepDefsIntegrationTest.the_content_contains_the_employee_details(java.lang.String,java.lang.String)?[0m
Actual: 0,2024-05-08,0.00,1,1,Y4OJ5b"l/
Expected: 0,2024-05-08,0.00,1,1,Y4OJ5b"l/
  ?[32mAnd ?[0m?[32mthe database contains for ?[0m?[32m?[1m"scenario_integration_happy_flow"?[0m?[32m the employee details for ?[0m?[32m?[1m"1_create_employee_active_joined_in_the_past"?[0m ?[90m# com.invenna.testcode.employee.cucumber.StepDefsIntegrationTest.theDatabseContainsTheEmployeeDetails(java.lang.String,java.lang.String)?[0m

Scenario Outline: Employee operations CREATE, READ, UPDATE                                                                             ?[90m# src/test/java/resources/features/test_0001_create_customer.feature:16?[0m
  ?[32mGiven ?[0m?[32mthe client has access to the employee management system?[0m                                                                        ?[90m# com.invenna.testcode.employee.cucumber.StepDefsIntegrationTest.theClientHasAccessToTheEmployeeManagementSystem()?[0m
  ?[32mWhen ?[0m?[32mthe client calls ?[0m?[32m?[1m"READ"?[0m?[32m with ?[0m?[32m?[1m"scenario_integration_happy_flow"?[0m?[32m for ?[0m?[32m?[1m"1_read_employee_active_joined_in_the_past"?[0m                  ?[90m# com.invenna.testcode.employee.cucumber.StepDefsIntegrationTest.theClientCallsWithFor(java.lang.String,java.lang.String,java.lang.String)?[0m
  ?[32mThen ?[0m?[32mthe client receives status code of ?[0m?[32m?[1m200?[0m                                                                                          ?[90m# com.invenna.testcode.employee.cucumber.StepDefsIntegrationTest.the_client_receives_status_code_of(int)?[0m
  ?[32mAnd ?[0m?[32mthe content with ?[0m?[32m?[1m"scenario_integration_happy_flow"?[0m?[32m for ?[0m?[32m?[1m"1_read_employee_active_joined_in_the_past"?[0m?[32m contains the employee details?[0m ?[90m# com.invenna.testcode.employee.cucumber.StepDefsIntegrationTest.the_content_contains_the_employee_details(java.lang.String,java.lang.String)?[0m
Actual: 0,2024-05-08,0.00,1,1,Y4OJ5b"l/
Expected: 0,2024-05-08,0.00,1,1,Y4OJ5b"l/
  ?[32mAnd ?[0m?[32mthe database contains for ?[0m?[32m?[1m"scenario_integration_happy_flow"?[0m?[32m the employee details for ?[0m?[32m?[1m"1_read_employee_active_joined_in_the_past"?[0m ?[90m# com.invenna.testcode.employee.cucumber.StepDefsIntegrationTest.theDatabseContainsTheEmployeeDetails(java.lang.String,java.lang.String)?[0m

Scenario Outline: Employee operations CREATE, READ, UPDATE                                                                               ?[90m# src/test/java/resources/features/test_0001_create_customer.feature:17?[0m
  ?[32mGiven ?[0m?[32mthe client has access to the employee management system?[0m                                                                          ?[90m# com.invenna.testcode.employee.cucumber.StepDefsIntegrationTest.theClientHasAccessToTheEmployeeManagementSystem()?[0m
  ?[32mWhen ?[0m?[32mthe client calls ?[0m?[32m?[1m"UPDATE"?[0m?[32m with ?[0m?[32m?[1m"scenario_integration_happy_flow"?[0m?[32m for ?[0m?[32m?[1m"1_update_employee_active_joined_in_the_past"?[0m                ?[90m# com.invenna.testcode.employee.cucumber.StepDefsIntegrationTest.theClientCallsWithFor(java.lang.String,java.lang.String,java.lang.String)?[0m
  ?[32mThen ?[0m?[32mthe client receives status code of ?[0m?[32m?[1m200?[0m                                                                                            ?[90m# com.invenna.testcode.employee.cucumber.StepDefsIntegrationTest.the_client_receives_status_code_of(int)?[0m
  ?[32mAnd ?[0m?[32mthe content with ?[0m?[32m?[1m"scenario_integration_happy_flow"?[0m?[32m for ?[0m?[32m?[1m"1_update_employee_active_joined_in_the_past"?[0m?[32m contains the employee details?[0m ?[90m# com.invenna.testcode.employee.cucumber.StepDefsIntegrationTest.the_content_contains_the_employee_details(java.lang.String,java.lang.String)?[0m
Actual: 0,2024-05-08,3500.00,1,1,Y4OJ5b"l/
Expected: 0,2024-05-08,3500.00,1,1,Y4OJ5b"l/
  ?[32mAnd ?[0m?[32mthe database contains for ?[0m?[32m?[1m"scenario_integration_happy_flow"?[0m?[32m the employee details for ?[0m?[32m?[1m"1_update_employee_active_joined_in_the_past"?[0m ?[90m# com.invenna.testcode.employee.cucumber.StepDefsIntegrationTest.theDatabseContainsTheEmployeeDetails(java.lang.String,java.lang.String)?[0m

Scenario Outline: Employee operations DELETE                                                                                             ?[90m# src/test/java/resources/features/test_0001_create_customer.feature:30?[0m
  ?[32mGiven ?[0m?[32mthe client has access to the employee management system?[0m                                                                          ?[90m# com.invenna.testcode.employee.cucumber.StepDefsIntegrationTest.theClientHasAccessToTheEmployeeManagementSystem()?[0m
  ?[32mWhen ?[0m?[32mthe client calls ?[0m?[32m?[1m"DELETE"?[0m?[32m with ?[0m?[32m?[1m"scenario_integration_happy_flow"?[0m?[32m for ?[0m?[32m?[1m"1_delete_employee_active_joined_in_the_past"?[0m                ?[90m# com.invenna.testcode.employee.cucumber.StepDefsIntegrationTest.theClientCallsWithFor(java.lang.String,java.lang.String,java.lang.String)?[0m
  ?[32mThen ?[0m?[32mthe client receives status code of ?[0m?[32m?[1m204?[0m                                                                                            ?[90m# com.invenna.testcode.employee.cucumber.StepDefsIntegrationTest.the_client_receives_status_code_of(int)?[0m
  ?[32mAnd ?[0m?[32mthe content with ?[0m?[32m?[1m"scenario_integration_happy_flow"?[0m?[32m for ?[0m?[32m?[1m"1_delete_employee_active_joined_in_the_past"?[0m?[32m contains the employee details?[0m ?[90m# com.invenna.testcode.employee.cucumber.StepDefsIntegrationTest.the_content_contains_the_employee_details(java.lang.String,java.lang.String)?[0m

Scenario Outline: Employee operations NULL                                                                                   ?[90m# src/test/java/resources/features/test_0001_create_customer.feature:41?[0m
  ?[32mGiven ?[0m?[32mthe client has access to the employee management system?[0m                                                              ?[90m# com.invenna.testcode.employee.cucumber.StepDefsIntegrationTest.theClientHasAccessToTheEmployeeManagementSystem()?[0m
2024-05-21T08:00:21.346+02:00  WARN 20336 --- [EmployeeService] [o-auto-1-exec-6] .w.s.m.s.DefaultHandlerExceptionResolver : Resolved [org.springframework.web.bind.MethodArgumentNotValidException: Validation failed for argument [0] in public org.springframework.http.ResponseEntity<com.invenna.testcode.employee.models.Employee> com.invenna.testcode.employee.controllers.EmployeeEndpoint.create(com.invenna.testcode.employee.models.Employee): [Field error in object 'employee' on field 'department.name': rejected value [null]; codes [NotNull.employee.department.name,NotNull.department.name,NotNull.name,NotNull.java.lang.String,NotNull]; arguments [org.springframework.context.support.DefaultMessageSourceResolvable: codes [employee.department.name,department.name]; arguments []; default message [department.name]]; default message [mag niet null zijn]] ]
  ?[32mWhen ?[0m?[32mthe client calls ?[0m?[32m?[1m"CREATE"?[0m?[32m with ?[0m?[32m?[1m"scenario_integration_happy_flow"?[0m?[32m for ?[0m?[32m?[1m"2_deparment_with_null_name"?[0m                     ?[90m# com.invenna.testcode.employee.cucumber.StepDefsIntegrationTest.theClientCallsWithFor(java.lang.String,java.lang.String,java.lang.String)?[0m
  ?[32mThen ?[0m?[32mthe client receives status code of ?[0m?[32m?[1m400?[0m                                                                                ?[90m# com.invenna.testcode.employee.cucumber.StepDefsIntegrationTest.the_client_receives_status_code_of(int)?[0m
  ?[32mAnd ?[0m?[32mthe content with ?[0m?[32m?[1m"scenario_integration_happy_flow"?[0m?[32m for ?[0m?[32m?[1m"2_deparment_with_null_name"?[0m?[32m contains the employee errordetails?[0m ?[90m# com.invenna.testcode.employee.cucumber.StepDefsIntegrationTest.the_content_contains_the_employee_errordetails(java.lang.String,java.lang.String)?[0m

Scenario Outline: Employee search operations                                                                                                  ?[90m# src/test/java/resources/features/test_0001_create_customer.feature:52?[0m
  ?[32mGiven ?[0m?[32mthe client has access to the employee management system?[0m                                                                               ?[90m# com.invenna.testcode.employee.cucumber.StepDefsIntegrationTest.theClientHasAccessToTheEmployeeManagementSystem()?[0m
  ?[32mWhen ?[0m?[32mthe client calls ?[0m?[32m?[1m"CREATE"?[0m?[32m with ?[0m?[32m?[1m"scenario_integration_happy_flow"?[0m?[32m for ?[0m?[32m?[1m"2_create_employee_active_joined_in_the_past"?[0m                     ?[90m# com.invenna.testcode.employee.cucumber.StepDefsIntegrationTest.theClientCallsWithFor(java.lang.String,java.lang.String,java.lang.String)?[0m
  ?[32mThen ?[0m?[32mthe client receives status code of ?[0m?[32m?[1m201?[0m                                                                                                 ?[90m# com.invenna.testcode.employee.cucumber.StepDefsIntegrationTest.the_client_receives_status_code_of(int)?[0m
  ?[32mAnd ?[0m?[32mthe content with ?[0m?[32m?[1m"scenario_integration_happy_flow"?[0m?[32m for ?[0m?[32m?[1m"2_create_employee_active_joined_in_the_past"?[0m?[32m contains the employee errordetails?[0m ?[90m# com.invenna.testcode.employee.cucumber.StepDefsIntegrationTest.the_content_contains_the_employee_errordetails(java.lang.String,java.lang.String)?[0m

Scenario Outline: Create Employee Test                                                                               ?[90m# src/test/java/resources/features/test_0001_create_customer.feature:62?[0m
  ?[32mGiven ?[0m?[32mthe client has access to the employee management system?[0m                                                      ?[90m# com.invenna.testcode.employee.cucumber.StepDefsIntegrationTest.theClientHasAccessToTheEmployeeManagementSystem()?[0m
2024-05-21T08:00:21.433+02:00  WARN 20336 --- [EmployeeService] [o-auto-1-exec-8] .w.s.m.s.DefaultHandlerExceptionResolver : Resolved [org.springframework.http.converter.HttpMessageNotReadableException: JSON parse error: Cannot deserialize value of type `com.invenna.testcode.employee.models.EmployeeStatus` from String "INVALID": not one of the values accepted for Enum class: [TERMINATED, ACTIVE, ON_LEAVE]]
  ?[32mWhen ?[0m?[32mthe client calls ?[0m?[32m?[1m"CREATE"?[0m?[32m with ?[0m?[32m?[1m"scenario_integration_unhappy_flow"?[0m?[32m for ?[0m?[32m?[1m"2_invalid_status"?[0m                     ?[90m# com.invenna.testcode.employee.cucumber.StepDefsIntegrationTest.theClientCallsWithFor(java.lang.String,java.lang.String,java.lang.String)?[0m
  ?[32mThen ?[0m?[32mthe client receives status code of ?[0m?[32m?[1m400?[0m                                                                        ?[90m# com.invenna.testcode.employee.cucumber.StepDefsIntegrationTest.the_client_receives_status_code_of(int)?[0m
  ?[32mAnd ?[0m?[32mthe content with ?[0m?[32m?[1m"scenario_integration_unhappy_flow"?[0m?[32m for ?[0m?[32m?[1m"2_invalid_status"?[0m?[32m contains the employee errordetails?[0m ?[90m# com.invenna.testcode.employee.cucumber.StepDefsIntegrationTest.the_content_contains_the_employee_errordetails(java.lang.String,java.lang.String)?[0m

Scenario Outline: Create Employee Test                                                                                ?[90m# src/test/java/resources/features/test_0001_create_customer.feature:63?[0m
  ?[32mGiven ?[0m?[32mthe client has access to the employee management system?[0m                                                       ?[90m# com.invenna.testcode.employee.cucumber.StepDefsIntegrationTest.theClientHasAccessToTheEmployeeManagementSystem()?[0m
2024-05-21T08:00:21.458+02:00  WARN 20336 --- [EmployeeService] [o-auto-1-exec-9] .w.s.m.s.DefaultHandlerExceptionResolver : Resolved [org.springframework.web.bind.MethodArgumentNotValidException: Validation failed for argument [0] in public org.springframework.http.ResponseEntity<com.invenna.testcode.employee.models.Employee> com.invenna.testcode.employee.controllers.EmployeeEndpoint.create(com.invenna.testcode.employee.models.Employee): [Field error in object 'employee' on field 'department.name': rejected value [null]; codes [NotNull.employee.department.name,NotNull.department.name,NotNull.name,NotNull.java.lang.String,NotNull]; arguments [org.springframework.context.support.DefaultMessageSourceResolvable: codes [employee.department.name,department.name]; arguments []; default message [department.name]]; default message [mag niet null zijn]] ]
  ?[32mWhen ?[0m?[32mthe client calls ?[0m?[32m?[1m"CREATE"?[0m?[32m with ?[0m?[32m?[1m"scenario_integration_unhappy_flow"?[0m?[32m for ?[0m?[32m?[1m"2_negative_salary"?[0m                     ?[90m# com.invenna.testcode.employee.cucumber.StepDefsIntegrationTest.theClientCallsWithFor(java.lang.String,java.lang.String,java.lang.String)?[0m
  ?[32mThen ?[0m?[32mthe client receives status code of ?[0m?[32m?[1m400?[0m                                                                         ?[90m# com.invenna.testcode.employee.cucumber.StepDefsIntegrationTest.the_client_receives_status_code_of(int)?[0m
  ?[32mAnd ?[0m?[32mthe content with ?[0m?[32m?[1m"scenario_integration_unhappy_flow"?[0m?[32m for ?[0m?[32m?[1m"2_negative_salary"?[0m?[32m contains the employee errordetails?[0m ?[90m# com.invenna.testcode.employee.cucumber.StepDefsIntegrationTest.the_content_contains_the_employee_errordetails(java.lang.String,java.lang.String)?[0m

Scenario Outline: Create Employee Test                                                                                          ?[90m# src/test/java/resources/features/test_0001_create_customer.feature:64?[0m
  ?[32mGiven ?[0m?[32mthe client has access to the employee management system?[0m                                                                 ?[90m# com.invenna.testcode.employee.cucumber.StepDefsIntegrationTest.theClientHasAccessToTheEmployeeManagementSystem()?[0m
2024-05-21T08:00:21.482+02:00  WARN 20336 --- [EmployeeService] [-auto-1-exec-10] .w.s.m.s.DefaultHandlerExceptionResolver : Resolved [org.springframework.web.bind.MethodArgumentNotValidException: Validation failed for argument [0] in public org.springframework.http.ResponseEntity<com.invenna.testcode.employee.models.Employee> com.invenna.testcode.employee.controllers.EmployeeEndpoint.create(com.invenna.testcode.employee.models.Employee): [Field error in object 'employee' on field 'department.name': rejected value [DEPARTMENT_1]; codes [Pattern.employee.department.name,Pattern.department.name,Pattern.name,Pattern.java.lang.String,Pattern]; arguments [org.springframework.context.support.DefaultMessageSourceResolvable: codes [employee.department.name,department.name]; arguments []; default message [department.name],[Ljakarta.validation.constraints.Pattern$Flag;@2229fbca,^[A-Za-zÀ-ž0-9@'"\ \-\/.]+$]; default message [Name contains invalid characters]] ]
  ?[32mWhen ?[0m?[32mthe client calls ?[0m?[32m?[1m"CREATE"?[0m?[32m with ?[0m?[32m?[1m"scenario_integration_unhappy_flow"?[0m?[32m for ?[0m?[32m?[1m"2_joiningdate_in_the_future"?[0m                     ?[90m# com.invenna.testcode.employee.cucumber.StepDefsIntegrationTest.theClientCallsWithFor(java.lang.String,java.lang.String,java.lang.String)?[0m
  ?[32mThen ?[0m?[32mthe client receives status code of ?[0m?[32m?[1m400?[0m                                                                                   ?[90m# com.invenna.testcode.employee.cucumber.StepDefsIntegrationTest.the_client_receives_status_code_of(int)?[0m
  ?[32mAnd ?[0m?[32mthe content with ?[0m?[32m?[1m"scenario_integration_unhappy_flow"?[0m?[32m for ?[0m?[32m?[1m"2_joiningdate_in_the_future"?[0m?[32m contains the employee errordetails?[0m ?[90m# com.invenna.testcode.employee.cucumber.StepDefsIntegrationTest.the_content_contains_the_employee_errordetails(java.lang.String,java.lang.String)?[0m

Scenario Outline: Create Employee Test                                                                               ?[90m# src/test/java/resources/features/test_0001_create_customer.feature:65?[0m
  ?[32mGiven ?[0m?[32mthe client has access to the employee management system?[0m                                                      ?[90m# com.invenna.testcode.employee.cucumber.StepDefsIntegrationTest.theClientHasAccessToTheEmployeeManagementSystem()?[0m
2024-05-21T08:00:21.506+02:00  WARN 20336 --- [EmployeeService] [o-auto-1-exec-1] .w.s.m.s.DefaultHandlerExceptionResolver : Resolved [org.springframework.http.converter.HttpMessageNotReadableException: JSON parse error: Cannot deserialize value of type `com.invenna.testcode.employee.models.EmployeeStatus` from String "INVALID": not one of the values accepted for Enum class: [TERMINATED, ACTIVE, ON_LEAVE]]
  ?[32mWhen ?[0m?[32mthe client calls ?[0m?[32m?[1m"CREATE"?[0m?[32m with ?[0m?[32m?[1m"scenario_integration_unhappy_flow"?[0m?[32m for ?[0m?[32m?[1m"2_invalid_status"?[0m                     ?[90m# com.invenna.testcode.employee.cucumber.StepDefsIntegrationTest.theClientCallsWithFor(java.lang.String,java.lang.String,java.lang.String)?[0m
  ?[32mThen ?[0m?[32mthe client receives status code of ?[0m?[32m?[1m400?[0m                                                                        ?[90m# com.invenna.testcode.employee.cucumber.StepDefsIntegrationTest.the_client_receives_status_code_of(int)?[0m
  ?[32mAnd ?[0m?[32mthe content with ?[0m?[32m?[1m"scenario_integration_unhappy_flow"?[0m?[32m for ?[0m?[32m?[1m"2_invalid_status"?[0m?[32m contains the employee errordetails?[0m ?[90m# com.invenna.testcode.employee.cucumber.StepDefsIntegrationTest.the_content_contains_the_employee_errordetails(java.lang.String,java.lang.String)?[0m

Scenario Outline: Create Employee Test                                                                                           ?[90m# src/test/java/resources/features/test_0001_create_customer.feature:77?[0m
  ?[32mGiven ?[0m?[32mthe client has access to the employee management system?[0m                                                                  ?[90m# com.invenna.testcode.employee.cucumber.StepDefsIntegrationTest.theClientHasAccessToTheEmployeeManagementSystem()?[0m
  ?[32mWhen ?[0m?[32mthe client calls ?[0m?[32m?[1m"CREATE"?[0m?[32m with ?[0m?[32m?[1m"scenario_integration_happy_flow"?[0m?[32m for ?[0m?[32m?[1m"3_create_empl_for_same_department"?[0m                  ?[90m# com.invenna.testcode.employee.cucumber.StepDefsIntegrationTest.theClientCallsWithFor(java.lang.String,java.lang.String,java.lang.String)?[0m
  ?[32mThen ?[0m?[32mthe client receives status code of ?[0m?[32m?[1m201?[0m                                                                                    ?[90m# com.invenna.testcode.employee.cucumber.StepDefsIntegrationTest.the_client_receives_status_code_of(int)?[0m
  ?[32mAnd ?[0m?[32mthe content with ?[0m?[32m?[1m"scenario_integration_happy_flow"?[0m?[32m for ?[0m?[32m?[1m"3_create_empl_for_same_department"?[0m?[32m contains the employee details?[0m   ?[90m# com.invenna.testcode.employee.cucumber.StepDefsIntegrationTest.the_content_contains_the_employee_details(java.lang.String,java.lang.String)?[0m
Actual: 0,2024-05-08,2500.00,2,2,Y4OJ5b"l/ 0,2024-05-08,3500.00,3,3,HOI
Expected: 0,2024-05-08,2500.00,2,2,Y4OJ5b"l/ 0,2024-05-08,3500.00,3,3,HOI
  ?[32mAnd ?[0m?[32mthe database contains for ?[0m?[32m?[1m"scenario_integration_happy_flow"?[0m?[32m the department details for ?[0m?[32m?[1m"3_create_empl_for_same_department"?[0m ?[90m# com.invenna.testcode.employee.cucumber.StepDefsIntegrationTest.theDatabseContainsTheDepartmentDetails(java.lang.String,java.lang.String)?[0m

Scenario Outline: Update Employee Test - Unhappy Path                                                                         ?[90m# src/test/java/resources/features/test_0001_create_customer.feature:91?[0m
  ?[32mGiven ?[0m?[32mthe client has access to the employee management system?[0m                                                               ?[90m# com.invenna.testcode.employee.cucumber.StepDefsIntegrationTest.theClientHasAccessToTheEmployeeManagementSystem()?[0m
2024-05-21T08:00:21.559+02:00  WARN 20336 --- [EmployeeService] [o-auto-1-exec-5] .w.s.m.s.DefaultHandlerExceptionResolver : Resolved [org.springframework.http.converter.HttpMessageNotReadableException: JSON parse error: Cannot deserialize value of type `com.invenna.testcode.employee.models.EmployeeStatus` from String "INVALID": not one of the values accepted for Enum class: [TERMINATED, ACTIVE, ON_LEAVE]]
  ?[32mWhen ?[0m?[32mthe client calls ?[0m?[32m?[1m"CREATE"?[0m?[32m with ?[0m?[32m?[1m"scenario_integration_unhappy_flow"?[0m?[32m for ?[0m?[32m?[1m"3_salary_not_lower_then_0"?[0m                     ?[90m# com.invenna.testcode.employee.cucumber.StepDefsIntegrationTest.theClientCallsWithFor(java.lang.String,java.lang.String,java.lang.String)?[0m
  ?[32mThen ?[0m?[32mthe client receives status code of ?[0m?[32m?[1m400?[0m                                                                                 ?[90m# com.invenna.testcode.employee.cucumber.StepDefsIntegrationTest.the_client_receives_status_code_of(int)?[0m
  ?[32mAnd ?[0m?[32mthe content with ?[0m?[32m?[1m"scenario_integration_unhappy_flow"?[0m?[32m for ?[0m?[32m?[1m"3_salary_not_lower_then_0"?[0m?[32m contains the employee errordetails?[0m ?[90m# com.invenna.testcode.employee.cucumber.StepDefsIntegrationTest.the_content_contains_the_employee_errordetails(java.lang.String,java.lang.String)?[0m

Scenario Outline: Update Employee Test - Unhappy Path                                                                              ?[90m# src/test/java/resources/features/test_0001_create_customer.feature:92?[0m
  ?[32mGiven ?[0m?[32mthe client has access to the employee management system?[0m                                                                    ?[90m# com.invenna.testcode.employee.cucumber.StepDefsIntegrationTest.theClientHasAccessToTheEmployeeManagementSystem()?[0m
2024-05-21T08:00:21.582+02:00  WARN 20336 --- [EmployeeService] [o-auto-1-exec-4] .w.s.m.s.DefaultHandlerExceptionResolver : Resolved [org.springframework.http.converter.HttpMessageNotReadableException: JSON parse error: Cannot deserialize value of type `com.invenna.testcode.employee.models.EmployeeStatus` from String "INVALID": not one of the values accepted for Enum class: [TERMINATED, ACTIVE, ON_LEAVE]]
  ?[32mWhen ?[0m?[32mthe client calls ?[0m?[32m?[1m"CREATE"?[0m?[32m with ?[0m?[32m?[1m"scenario_integration_unhappy_flow"?[0m?[32m for ?[0m?[32m?[1m"4_joining_date_not_in_the_past"?[0m                     ?[90m# com.invenna.testcode.employee.cucumber.StepDefsIntegrationTest.theClientCallsWithFor(java.lang.String,java.lang.String,java.lang.String)?[0m
  ?[32mThen ?[0m?[32mthe client receives status code of ?[0m?[32m?[1m400?[0m                                                                                      ?[90m# com.invenna.testcode.employee.cucumber.StepDefsIntegrationTest.the_client_receives_status_code_of(int)?[0m
  ?[32mAnd ?[0m?[32mthe content with ?[0m?[32m?[1m"scenario_integration_unhappy_flow"?[0m?[32m for ?[0m?[32m?[1m"4_joining_date_not_in_the_past"?[0m?[32m contains the employee errordetails?[0m ?[90m# com.invenna.testcode.employee.cucumber.StepDefsIntegrationTest.the_content_contains_the_employee_errordetails(java.lang.String,java.lang.String)?[0m
]]></system-out>
  <system-err><![CDATA[]]></system-err>
</testsuite>
