<?xml version="1.0" encoding="UTF-8"?>
<testsuite name="com.invenna.testcode.employee.cucumber.TestEmployeeManagementSystem" tests="1" skipped="0" failures="0" errors="0" timestamp="2024-05-19T07:39:39" hostname="HARMBRUINS" time="0.0">
  <properties/>
  <testcase name="TestShutUpClass" classname="com.invenna.testcode.employee.cucumber.TestEmployeeManagementSystem" time="0.0"/>
  <system-out><![CDATA[]]></system-out>
  <system-err><![CDATA[]]></system-err>
</testsuite>
