<?xml version="1.0" encoding="UTF-8"?>
<testsuite name="com.invenna.testcode.employee.unittest.EmployeeControllerIntegrationTest" tests="1" skipped="0" failures="0" errors="0" timestamp="2024-05-21T06:00:22" hostname="HARMBRUINS" time="0.431">
  <properties/>
  <testcase name="test_WhenPostEmployee_thenCreateEmployee" classname="com.invenna.testcode.employee.unittest.EmployeeControllerIntegrationTest" time="0.431"/>
  <system-out><![CDATA[
  .   ____          _            __ _ _
 /\\ / ___'_ __ _ _(_)_ __  __ _ \ \ \ \
( ( )\___ | '_ | '_| | '_ \/ _` | \ \ \ \
 \\/  ___)| |_)| | | | | || (_| |  ) ) ) )
  '  |____| .__|_| |_|_| |_\__, | / / / /
 =========|_|==============|___/=/_/_/_/
 :: Spring Boot ::                (v3.2.5)

2024-05-21T08:00:21.638+02:00  INFO 20336 --- [EmployeeService] [    Test worker] .t.e.u.EmployeeControllerIntegrationTest : Starting EmployeeControllerIntegrationTest using Java 17.0.10 with PID 20336 (started by harmbruinsrabo in C:\Users\harmbruinsrabo\springemployeecucumber)
2024-05-21T08:00:21.638+02:00  INFO 20336 --- [EmployeeService] [    Test worker] .t.e.u.EmployeeControllerIntegrationTest : No active profile set, falling back to 1 default profile: "default"
2024-05-21T08:00:21.794+02:00  INFO 20336 --- [EmployeeService] [    Test worker] .s.d.r.c.RepositoryConfigurationDelegate : Bootstrapping Spring Data JPA repositories in DEFAULT mode.
2024-05-21T08:00:21.804+02:00  INFO 20336 --- [EmployeeService] [    Test worker] .s.d.r.c.RepositoryConfigurationDelegate : Finished Spring Data repository scanning in 10 ms. Found 0 JPA repository interfaces.
2024-05-21T08:00:21.826+02:00  INFO 20336 --- [EmployeeService] [    Test worker] beddedDataSourceBeanFactoryPostProcessor : Replacing 'dataSource' DataSource bean with embedded version
2024-05-21T08:00:22.232+02:00  INFO 20336 --- [EmployeeService] [    Test worker] o.s.b.w.embedded.tomcat.TomcatWebServer  : Tomcat initialized with port 0 (http)
2024-05-21T08:00:22.234+02:00  INFO 20336 --- [EmployeeService] [    Test worker] o.apache.catalina.core.StandardService   : Starting service [Tomcat]
2024-05-21T08:00:22.235+02:00  INFO 20336 --- [EmployeeService] [    Test worker] o.apache.catalina.core.StandardEngine    : Starting Servlet engine: [Apache Tomcat/10.1.20]
2024-05-21T08:00:22.325+02:00  INFO 20336 --- [EmployeeService] [    Test worker] o.a.c.c.C.[Tomcat-1].[localhost].[/]     : Initializing Spring embedded WebApplicationContext
2024-05-21T08:00:22.325+02:00  INFO 20336 --- [EmployeeService] [    Test worker] w.s.c.ServletWebServerApplicationContext : Root WebApplicationContext: initialization completed in 686 ms
2024-05-21T08:00:22.363+02:00  INFO 20336 --- [EmployeeService] [    Test worker] o.s.j.d.e.EmbeddedDatabaseFactory        : Starting embedded database: url='jdbc:h2:mem:1fedafac-791c-4eda-9824-1bf6e6440cf8;DB_CLOSE_DELAY=-1;DB_CLOSE_ON_EXIT=false', username='sa'
2024-05-21T08:00:22.372+02:00  INFO 20336 --- [EmployeeService] [    Test worker] o.s.b.a.h2.H2ConsoleAutoConfiguration    : H2 console available at '/h2-console'. Database available at 'jdbc:h2:mem:1fedafac-791c-4eda-9824-1bf6e6440cf8'
Standard Commons Logging discovery in action with spring-jcl: please remove commons-logging.jar from classpath in order to avoid potential conflicts
2024-05-21T08:00:22.413+02:00  INFO 20336 --- [EmployeeService] [    Test worker] o.hibernate.jpa.internal.util.LogHelper  : HHH000204: Processing PersistenceUnitInfo [name: default]
2024-05-21T08:00:22.418+02:00  INFO 20336 --- [EmployeeService] [    Test worker] o.h.c.internal.RegionFactoryInitiator    : HHH000026: Second-level cache disabled
2024-05-21T08:00:22.424+02:00  INFO 20336 --- [EmployeeService] [    Test worker] o.s.o.j.p.SpringPersistenceUnitInfo      : No LoadTimeWeaver setup: ignoring JPA class transformer
2024-05-21T08:00:22.442+02:00  INFO 20336 --- [EmployeeService] [    Test worker] o.h.e.t.j.p.i.JtaPlatformInitiator       : HHH000489: No JTA platform available (set 'hibernate.transaction.jta.platform' to enable JTA platform integration)
2024-05-21T08:00:22.443+02:00  INFO 20336 --- [EmployeeService] [    Test worker] j.LocalContainerEntityManagerFactoryBean : Initialized JPA EntityManagerFactory for persistence unit 'default'
2024-05-21T08:00:22.502+02:00  WARN 20336 --- [EmployeeService] [    Test worker] JpaBaseConfiguration$JpaWebConfiguration : spring.jpa.open-in-view is enabled by default. Therefore, database queries may be performed during view rendering. Explicitly configure spring.jpa.open-in-view to disable this warning
2024-05-21T08:00:22.709+02:00  INFO 20336 --- [EmployeeService] [    Test worker] o.a.c.c.C.[Tomcat-1].[localhost].[/]     : Initializing Spring TestDispatcherServlet ''
2024-05-21T08:00:22.709+02:00  INFO 20336 --- [EmployeeService] [    Test worker] o.s.t.web.servlet.TestDispatcherServlet  : Initializing Servlet ''
2024-05-21T08:00:22.710+02:00  INFO 20336 --- [EmployeeService] [    Test worker] o.s.t.web.servlet.TestDispatcherServlet  : Completed initialization in 1 ms
2024-05-21T08:00:22.738+02:00  INFO 20336 --- [EmployeeService] [    Test worker] o.s.b.w.embedded.tomcat.TomcatWebServer  : Tomcat started on port 64061 (http) with context path ''
2024-05-21T08:00:22.745+02:00  INFO 20336 --- [EmployeeService] [    Test worker] .t.e.u.EmployeeControllerIntegrationTest : Started EmployeeControllerIntegrationTest in 1.134 seconds (process running for 10.275)
]]></system-out>
  <system-err><![CDATA[]]></system-err>
</testsuite>
