<?xml version="1.0" encoding="UTF-8"?>
<testsuite name="com.invenna.testcode.employee.unittest.SpringContextTest" tests="1" skipped="0" failures="0" errors="0" timestamp="2024-05-21T06:00:24" hostname="HARMBRUINS" time="0.003">
  <properties/>
  <testcase name="whenSpringContextIsBootstrapped_thenNoExceptions" classname="com.invenna.testcode.employee.unittest.SpringContextTest" time="0.003"/>
  <system-out><![CDATA[
  .   ____          _            __ _ _
 /\\ / ___'_ __ _ _(_)_ __  __ _ \ \ \ \
( ( )\___ | '_ | '_| | '_ \/ _` | \ \ \ \
 \\/  ___)| |_)| | | | | || (_| |  ) ) ) )
  '  |____| .__|_| |_|_| |_\__, | / / / /
 =========|_|==============|___/=/_/_/_/
 :: Spring Boot ::                (v3.2.5)

2024-05-21T08:00:23.240+02:00  INFO 20336 --- [EmployeeService] [    Test worker] c.i.t.e.unittest.SpringContextTest       : Starting SpringContextTest using Java 17.0.10 with PID 20336 (started by harmbruinsrabo in C:\Users\harmbruinsrabo\springemployeecucumber)
2024-05-21T08:00:23.240+02:00  INFO 20336 --- [EmployeeService] [    Test worker] c.i.t.e.unittest.SpringContextTest       : No active profile set, falling back to 1 default profile: "default"
2024-05-21T08:00:23.597+02:00  INFO 20336 --- [EmployeeService] [    Test worker] .s.d.r.c.RepositoryConfigurationDelegate : Bootstrapping Spring Data JPA repositories in DEFAULT mode.
2024-05-21T08:00:23.620+02:00  INFO 20336 --- [EmployeeService] [    Test worker] .s.d.r.c.RepositoryConfigurationDelegate : Finished Spring Data repository scanning in 23 ms. Found 3 JPA repository interfaces.
2024-05-21T08:00:23.728+02:00  INFO 20336 --- [EmployeeService] [    Test worker] com.zaxxer.hikari.HikariDataSource       : HikariPool-2 - Starting...
2024-05-21T08:00:23.729+02:00  INFO 20336 --- [EmployeeService] [    Test worker] com.zaxxer.hikari.pool.HikariPool        : HikariPool-2 - Added connection conn14: url=jdbc:h2:mem:testdb user=SA
2024-05-21T08:00:23.729+02:00  INFO 20336 --- [EmployeeService] [    Test worker] com.zaxxer.hikari.HikariDataSource       : HikariPool-2 - Start completed.
2024-05-21T08:00:23.731+02:00  INFO 20336 --- [EmployeeService] [    Test worker] o.hibernate.jpa.internal.util.LogHelper  : HHH000204: Processing PersistenceUnitInfo [name: default]
2024-05-21T08:00:23.735+02:00  INFO 20336 --- [EmployeeService] [    Test worker] o.h.c.internal.RegionFactoryInitiator    : HHH000026: Second-level cache disabled
2024-05-21T08:00:23.745+02:00  INFO 20336 --- [EmployeeService] [    Test worker] o.s.o.j.p.SpringPersistenceUnitInfo      : No LoadTimeWeaver setup: ignoring JPA class transformer
2024-05-21T08:00:23.845+02:00  INFO 20336 --- [EmployeeService] [    Test worker] o.h.e.t.j.p.i.JtaPlatformInitiator       : HHH000489: No JTA platform available (set 'hibernate.transaction.jta.platform' to enable JTA platform integration)
2024-05-21T08:00:23.855+02:00  INFO 20336 --- [EmployeeService] [    Test worker] j.LocalContainerEntityManagerFactoryBean : Initialized JPA EntityManagerFactory for persistence unit 'default'
2024-05-21T08:00:24.030+02:00  WARN 20336 --- [EmployeeService] [    Test worker] JpaBaseConfiguration$JpaWebConfiguration : spring.jpa.open-in-view is enabled by default. Therefore, database queries may be performed during view rendering. Explicitly configure spring.jpa.open-in-view to disable this warning
2024-05-21T08:00:24.123+02:00  INFO 20336 --- [EmployeeService] [    Test worker] o.s.b.a.h2.H2ConsoleAutoConfiguration    : H2 console available at '/h2-console'. Database available at 'jdbc:h2:mem:testdb'
2024-05-21T08:00:24.138+02:00  INFO 20336 --- [EmployeeService] [    Test worker] c.i.t.e.unittest.SpringContextTest       : Started SpringContextTest in 0.93 seconds (process running for 11.668)
]]></system-out>
  <system-err><![CDATA[]]></system-err>
</testsuite>
